[2024-07-02T06:19:04.291741+00:00] main.INFO: Broken reference: the 'catalog.compare.sidebar' element cannot be added as child to 'sidebar.additional', because the latter doesn't exist [] []
[2024-07-02T06:19:04.292514+00:00] main.INFO: Broken reference: the 'sale.reorder.sidebar' element cannot be added as child to 'sidebar.additional', because the latter doesn't exist [] []
[2024-07-02T06:19:04.292835+00:00] main.INFO: Broken reference: the 'wishlist_sidebar' element cannot be added as child to 'sidebar.additional', because the latter doesn't exist [] []
[2024-07-02T06:19:04.292988+00:00] main.INFO: Broken reference: the 'paypal.partner.right.logo' element cannot be added as child to 'sidebar.additional', because the latter doesn't exist [] []
[2024-07-02T06:19:04.293078+00:00] main.INFO: Broken reference: the 'bml.right.logo' element cannot be added as child to 'sidebar.additional', because the latter doesn't exist [] []
[2024-07-02T06:19:04.293169+00:00] main.INFO: Broken reference: the 'sidebar.container.paylater' element cannot be added as child to 'sidebar.additional', because the latter doesn't exist [] []
[2024-07-02T06:49:14.279316+00:00] main.CRITICAL: The specified "/home/juris/Documents/magpatch/mgpt/my-app/generated/code/Magento/Framework/App/ResourceConnection/Proxy.php.135" file couldn't be written. Warning!file_put_contents(/home/juris/Documents/magpatch/mgpt/my-app/generated/code/Magento/Framework/App/ResourceConnection/Proxy.php.135): Failed to open stream: No such file or directory
Class Magento\Framework\App\ResourceConnection\Proxy generation error: The requested class did not generate properly, because the 'generated' directory permission is read-only. If --- after running the 'bin/magento setup:di:compile' CLI command when the 'generated' directory permission is set to write --- the requested class did not generate properly, then you must add the generated class object to the signature of the related construct method, only. [] []
[2024-07-02T06:49:14.285071+00:00] main.CRITICAL: The specified "/home/juris/Documents/magpatch/mgpt/my-app/generated/code/Magento/Framework/App/ResourceConnection/Proxy.php.133" file couldn't be written. Warning!file_put_contents(/home/juris/Documents/magpatch/mgpt/my-app/generated/code/Magento/Framework/App/ResourceConnection/Proxy.php.133): Failed to open stream: No such file or directory
Class Magento\Framework\App\ResourceConnection\Proxy generation error: The requested class did not generate properly, because the 'generated' directory permission is read-only. If --- after running the 'bin/magento setup:di:compile' CLI command when the 'generated' directory permission is set to write --- the requested class did not generate properly, then you must add the generated class object to the signature of the related construct method, only. [] []
[2024-07-02T06:49:22.374738+00:00] main.INFO: Broken reference: the 'tracking' element cannot be added as child to 'header', because the latter doesn't exist [] []
[2024-07-02T06:49:22.375383+00:00] main.INFO: Broken reference: the 'notification_area' element cannot be added as child to 'notifications', because the latter doesn't exist [] []
[2024-07-02T06:49:22.375482+00:00] main.INFO: Broken reference: the 'unread_system_messages' element cannot be added as child to 'notifications', because the latter doesn't exist [] []
[2024-07-02T06:49:22.375563+00:00] main.INFO: Broken reference: the 'notification_window' element cannot be added as child to 'notifications', because the latter doesn't exist [] []
[2024-07-02T06:49:22.375638+00:00] main.INFO: Broken reference: the 'notification.messages' element cannot be added as child to 'header', because the latter doesn't exist [] []
[2024-07-02T06:49:22.375716+00:00] main.INFO: Broken reference: the 'global_notices' element cannot be added as child to 'global.notices', because the latter doesn't exist [] []
[2024-07-02T06:49:22.375789+00:00] main.INFO: Broken reference: the 'logo' element cannot be added as child to 'header', because the latter doesn't exist [] []
[2024-07-02T06:49:22.375858+00:00] main.INFO: Broken reference: the 'global.search' element cannot be added as child to 'header', because the latter doesn't exist [] []
[2024-07-02T06:49:22.375946+00:00] main.INFO: Broken reference: the 'user' element cannot be added as child to 'header', because the latter doesn't exist [] []
[2024-07-02T06:49:22.376015+00:00] main.INFO: Broken reference: the 'menu' element cannot be added as child to 'page.menu', because the latter doesn't exist [] []
[2024-07-02T06:49:22.376086+00:00] main.INFO: Broken reference: the 'breadcrumbs' element cannot be added as child to 'page.breadcrumbs', because the latter doesn't exist [] []
[2024-07-02T06:49:22.376154+00:00] main.INFO: Broken reference: the 'formkey' element cannot be added as child to 'page.formkey', because the latter doesn't exist [] []
[2024-07-02T06:49:22.376223+00:00] main.INFO: Broken reference: the 'page.title' element cannot be added as child to 'main.top', because the latter doesn't exist [] []
[2024-07-02T06:49:22.376290+00:00] main.INFO: Broken reference: the 'messages' element cannot be added as child to 'page.messages', because the latter doesn't exist [] []
[2024-07-02T06:49:22.376359+00:00] main.INFO: Broken reference: the 'page.actions.toolbar' element cannot be added as child to 'page.main.actions', because the latter doesn't exist [] []
[2024-07-02T06:49:22.376429+00:00] main.INFO: Broken reference: the 'legal' element cannot be added as child to 'footer', because the latter doesn't exist [] []
[2024-07-02T06:49:22.376577+00:00] main.INFO: Broken reference: the 'header.inner.left' element cannot be added as child to 'header', because the latter doesn't exist [] []
[2024-07-02T06:49:22.376657+00:00] main.INFO: Broken reference: the 'header.inner.right' element cannot be added as child to 'header', because the latter doesn't exist [] []
[2024-07-02T06:49:22.376789+00:00] main.INFO: Broken reference: the 'user' tries to reorder itself towards '', but their parents are different: 'header' and '' respectively. [] []
[2024-07-02T06:49:22.376880+00:00] main.INFO: Broken reference: the 'notification.messages' tries to reorder itself towards 'user', but their parents are different: 'header' and '' respectively. [] []
[2024-07-02T06:49:22.376968+00:00] main.INFO: Broken reference: the 'logo' tries to reorder itself towards '', but their parents are different: 'header' and '' respectively. [] []
[2024-07-02T06:49:22.377036+00:00] main.INFO: Broken reference: the 'global.search' tries to reorder itself towards 'logo', but their parents are different: 'header' and '' respectively. [] []
[2024-07-02T06:49:22.377104+00:00] main.INFO: Broken reference: the 'page.actions.toolbar' tries to reorder itself towards '', but their parents are different: 'page.main.actions' and '' respectively. [] []
[2024-07-02T06:49:22.377194+00:00] main.INFO: Broken reference: the 'header.inner.left' tries to reorder itself towards '', but their parents are different: 'header' and '' respectively. [] []
[2024-07-02T06:49:22.377265+00:00] main.INFO: Broken reference: the 'header.inner.right' tries to reorder itself towards 'header.inner.left', but their parents are different: 'header' and '' respectively. [] []
[2024-07-02T06:49:22.377347+00:00] main.INFO: Broken reference: the 'notification.messages' tries to reorder itself towards 'user', but their parents are different: 'header.inner.right' and '' respectively. [] []
[2024-07-02T06:50:50.295731+00:00] main.INFO: Broken reference: the 'tracking' element cannot be added as child to 'header', because the latter doesn't exist [] []
[2024-07-02T06:50:50.296089+00:00] main.INFO: Broken reference: the 'notification_area' element cannot be added as child to 'notifications', because the latter doesn't exist [] []
[2024-07-02T06:50:50.296217+00:00] main.INFO: Broken reference: the 'unread_system_messages' element cannot be added as child to 'notifications', because the latter doesn't exist [] []
[2024-07-02T06:50:50.296332+00:00] main.INFO: Broken reference: the 'notification_window' element cannot be added as child to 'notifications', because the latter doesn't exist [] []
[2024-07-02T06:50:50.296459+00:00] main.INFO: Broken reference: the 'notification.messages' element cannot be added as child to 'header', because the latter doesn't exist [] []
[2024-07-02T06:50:50.296576+00:00] main.INFO: Broken reference: the 'global_notices' element cannot be added as child to 'global.notices', because the latter doesn't exist [] []
[2024-07-02T06:50:50.296685+00:00] main.INFO: Broken reference: the 'logo' element cannot be added as child to 'header', because the latter doesn't exist [] []
[2024-07-02T06:50:50.296793+00:00] main.INFO: Broken reference: the 'global.search' element cannot be added as child to 'header', because the latter doesn't exist [] []
[2024-07-02T06:50:50.296921+00:00] main.INFO: Broken reference: the 'user' element cannot be added as child to 'header', because the latter doesn't exist [] []
[2024-07-02T06:50:50.297032+00:00] main.INFO: Broken reference: the 'menu' element cannot be added as child to 'page.menu', because the latter doesn't exist [] []
[2024-07-02T06:50:50.297141+00:00] main.INFO: Broken reference: the 'breadcrumbs' element cannot be added as child to 'page.breadcrumbs', because the latter doesn't exist [] []
[2024-07-02T06:50:50.297248+00:00] main.INFO: Broken reference: the 'formkey' element cannot be added as child to 'page.formkey', because the latter doesn't exist [] []
[2024-07-02T06:50:50.297353+00:00] main.INFO: Broken reference: the 'page.title' element cannot be added as child to 'main.top', because the latter doesn't exist [] []
[2024-07-02T06:50:50.297459+00:00] main.INFO: Broken reference: the 'messages' element cannot be added as child to 'page.messages', because the latter doesn't exist [] []
[2024-07-02T06:50:50.297578+00:00] main.INFO: Broken reference: the 'page.actions.toolbar' element cannot be added as child to 'page.main.actions', because the latter doesn't exist [] []
[2024-07-02T06:50:50.297688+00:00] main.INFO: Broken reference: the 'legal' element cannot be added as child to 'footer', because the latter doesn't exist [] []
[2024-07-02T06:50:50.297906+00:00] main.INFO: Broken reference: the 'header.inner.left' element cannot be added as child to 'header', because the latter doesn't exist [] []
[2024-07-02T06:50:50.298027+00:00] main.INFO: Broken reference: the 'header.inner.right' element cannot be added as child to 'header', because the latter doesn't exist [] []
[2024-07-02T06:50:50.298206+00:00] main.INFO: Broken reference: the 'user' tries to reorder itself towards '', but their parents are different: 'header' and '' respectively. [] []
[2024-07-02T06:50:50.298323+00:00] main.INFO: Broken reference: the 'notification.messages' tries to reorder itself towards 'user', but their parents are different: 'header' and '' respectively. [] []
[2024-07-02T06:50:50.298431+00:00] main.INFO: Broken reference: the 'logo' tries to reorder itself towards '', but their parents are different: 'header' and '' respectively. [] []
[2024-07-02T06:50:50.298536+00:00] main.INFO: Broken reference: the 'global.search' tries to reorder itself towards 'logo', but their parents are different: 'header' and '' respectively. [] []
[2024-07-02T06:50:50.298641+00:00] main.INFO: Broken reference: the 'page.actions.toolbar' tries to reorder itself towards '', but their parents are different: 'page.main.actions' and '' respectively. [] []
[2024-07-02T06:50:50.298775+00:00] main.INFO: Broken reference: the 'header.inner.left' tries to reorder itself towards '', but their parents are different: 'header' and '' respectively. [] []
[2024-07-02T06:50:50.298886+00:00] main.INFO: Broken reference: the 'header.inner.right' tries to reorder itself towards 'header.inner.left', but their parents are different: 'header' and '' respectively. [] []
[2024-07-02T06:50:50.299008+00:00] main.INFO: Broken reference: the 'notification.messages' tries to reorder itself towards 'user', but their parents are different: 'header.inner.right' and '' respectively. [] []
[2024-07-02T06:53:37.272731+00:00] main.INFO: Item Magento_Backend::system_currency was removed [] []
[2024-07-02T06:53:37.278225+00:00] main.INFO: Add of item with id Magento_AdminNotification::system_adminnotification was processed [] []
[2024-07-02T06:53:37.278410+00:00] main.INFO: Add of item with id Magento_Theme::design_config was processed [] []
[2024-07-02T06:53:37.278479+00:00] main.INFO: Add of item with id Magento_Theme::system_design_theme was processed [] []
[2024-07-02T06:53:37.278557+00:00] main.INFO: Add of item with id Magento_Config::system_config was processed [] []
[2024-07-02T06:53:37.278618+00:00] main.INFO: Add of item with id Magento_Backend::system_design_schedule was processed [] []
[2024-07-02T06:53:37.278675+00:00] main.INFO: Add of item with id Magento_Backend::system_store was processed [] []
[2024-07-02T06:53:37.278730+00:00] main.INFO: Add of item with id Magento_Backend::dashboard was processed [] []
[2024-07-02T06:53:37.278783+00:00] main.INFO: Add of item with id Magento_Backend::system was processed [] []
[2024-07-02T06:53:37.278854+00:00] main.INFO: Add of item with id Magento_Backend::system_tools was processed [] []
[2024-07-02T06:53:37.278927+00:00] main.INFO: Add of item with id Magento_Backend::system_design was processed [] []
[2024-07-02T06:53:37.278986+00:00] main.INFO: Add of item with id Magento_Backend::system_convert was processed [] []
[2024-07-02T06:53:37.279069+00:00] main.INFO: Add of item with id Magento_Backend::system_cache was processed [] []
[2024-07-02T06:53:37.279127+00:00] main.INFO: Add of item with id Magento_Backend::marketing was processed [] []
[2024-07-02T06:53:37.279196+00:00] main.INFO: Add of item with id Magento_Backend::marketing_communications was processed [] []
[2024-07-02T06:53:37.279257+00:00] main.INFO: Add of item with id Magento_Backend::marketing_seo was processed [] []
[2024-07-02T06:53:37.279311+00:00] main.INFO: Add of item with id Magento_Backend::marketing_user_content was processed [] []
[2024-07-02T06:53:37.279364+00:00] main.INFO: Add of item with id Magento_Backend::content was processed [] []
[2024-07-02T06:53:37.279417+00:00] main.INFO: Add of item with id Magento_Backend::content_elements was processed [] []
[2024-07-02T06:53:37.279486+00:00] main.INFO: Add of item with id Magento_Backend::stores was processed [] []
[2024-07-02T06:53:37.279557+00:00] main.INFO: Add of item with id Magento_Backend::stores_settings was processed [] []
[2024-07-02T06:53:37.279615+00:00] main.INFO: Add of item with id Magento_Backend::stores_attributes was processed [] []
[2024-07-02T06:53:37.279669+00:00] main.INFO: Add of item with id Magento_Backend::other_settings was processed [] []
[2024-07-02T06:53:37.279723+00:00] main.INFO: Add of item with id Magento_Backend::system_other_settings was processed [] []
[2024-07-02T06:53:37.279777+00:00] main.INFO: Add of item with id Magento_Customer::customer was processed [] []
[2024-07-02T06:53:37.279846+00:00] main.INFO: Add of item with id Magento_Customer::customer_manage was processed [] []
[2024-07-02T06:53:37.279904+00:00] main.INFO: Add of item with id Magento_Customer::customer_online was processed [] []
[2024-07-02T06:53:37.279956+00:00] main.INFO: Add of item with id Magento_Customer::customer_group was processed [] []
[2024-07-02T06:53:37.280009+00:00] main.INFO: Add of item with id Magento_User::system_acl was processed [] []
[2024-07-02T06:53:37.280078+00:00] main.INFO: Add of item with id Magento_User::system_acl_users was processed [] []
[2024-07-02T06:53:37.280136+00:00] main.INFO: Add of item with id Magento_User::system_acl_roles was processed [] []
[2024-07-02T06:53:37.280189+00:00] main.INFO: Add of item with id Magento_User::system_acl_locks was processed [] []
[2024-07-02T06:53:37.280241+00:00] main.INFO: Add of item with id Magento_Backup::system_tools_backup was processed [] []
[2024-07-02T06:53:37.280296+00:00] main.INFO: Add of item with id Magento_Indexer::system_index was processed [] []
[2024-07-02T06:53:37.280349+00:00] main.INFO: Add of item with id Magento_Variable::system_variable was processed [] []
[2024-07-02T06:53:37.280419+00:00] main.INFO: Add of item with id Magento_Cms::cms_page was processed [] []
[2024-07-02T06:53:37.280486+00:00] main.INFO: Add of item with id Magento_Cms::cms_block was processed [] []
[2024-07-02T06:53:37.280556+00:00] main.INFO: Add of item with id Magento_Search::search_terms was processed [] []
[2024-07-02T06:53:37.280613+00:00] main.INFO: Add of item with id Magento_Search::search_synonyms was processed [] []
[2024-07-02T06:53:37.280681+00:00] main.INFO: Add of item with id Magento_Catalog::catalog was processed [] []
[2024-07-02T06:53:37.280748+00:00] main.INFO: Add of item with id Magento_Catalog::catalog_products was processed [] []
[2024-07-02T06:53:37.280804+00:00] main.INFO: Add of item with id Magento_Catalog::catalog_categories was processed [] []
[2024-07-02T06:53:37.280917+00:00] main.INFO: Add of item with id Magento_Catalog::catalog_attributes_attributes was processed [] []
[2024-07-02T06:53:37.280980+00:00] main.INFO: Add of item with id Magento_Catalog::catalog_attributes_sets was processed [] []
[2024-07-02T06:53:37.281048+00:00] main.INFO: Add of item with id Magento_Catalog::inventory was processed [] []
[2024-07-02T06:53:37.281104+00:00] main.INFO: Add of item with id Magento_CatalogRule::promo was processed [] []
[2024-07-02T06:53:37.281170+00:00] main.INFO: Add of item with id Magento_CatalogRule::promo_catalog was processed [] []
[2024-07-02T06:53:37.281233+00:00] main.INFO: Add of item with id Magento_MediaGalleryUi::media was processed [] []
[2024-07-02T06:53:37.281301+00:00] main.INFO: Add of item with id Magento_MediaGalleryUi::media_gallery was processed [] []
[2024-07-02T06:53:37.281357+00:00] main.INFO: Add of item with id Magento_Integration::system_extensions was processed [] []
[2024-07-02T06:53:37.281424+00:00] main.INFO: Add of item with id Magento_Integration::system_integrations was processed [] []
[2024-07-02T06:53:37.281479+00:00] main.INFO: Add of item with id Magento_Sales::sales was processed [] []
[2024-07-02T06:53:37.281546+00:00] main.INFO: Add of item with id Magento_Sales::sales_operation was processed [] []
[2024-07-02T06:53:37.281615+00:00] main.INFO: Add of item with id Magento_Sales::sales_order was processed [] []
[2024-07-02T06:53:37.281685+00:00] main.INFO: Add of item with id Magento_Sales::sales_invoice was processed [] []
[2024-07-02T06:53:37.281739+00:00] main.INFO: Add of item with id Magento_Sales::sales_shipment was processed [] []
[2024-07-02T06:53:37.281791+00:00] main.INFO: Add of item with id Magento_Sales::sales_creditmemo was processed [] []
[2024-07-02T06:53:37.281843+00:00] main.INFO: Add of item with id Magento_Sales::sales_transactions was processed [] []
[2024-07-02T06:53:37.281896+00:00] main.INFO: Add of item with id Magento_Sales::system_order_statuses was processed [] []
[2024-07-02T06:53:37.281950+00:00] main.INFO: Add of item with id Magento_Widget::cms_widget_instance was processed [] []
[2024-07-02T06:53:37.282019+00:00] main.INFO: Add of item with id Magento_Analytics::business_intelligence was processed [] []
[2024-07-02T06:53:37.282099+00:00] main.INFO: Add of item with id Magento_Analytics::advanced_reporting was processed [] []
[2024-07-02T06:53:37.282166+00:00] main.INFO: Add of item with id Magento_Analytics::bi_essentials was processed [] []
[2024-07-02T06:53:37.282236+00:00] main.INFO: Add of item with id Magento_Downloadable::report_products_downloads was processed [] []
[2024-07-02T06:53:37.282308+00:00] main.INFO: Add of item with id Magento_ImportExport::system_convert_import was processed [] []
[2024-07-02T06:53:37.282367+00:00] main.INFO: Add of item with id Magento_ImportExport::system_convert_export was processed [] []
[2024-07-02T06:53:37.282420+00:00] main.INFO: Add of item with id Magento_ImportExport::system_convert_history was processed [] []
[2024-07-02T06:53:37.282489+00:00] main.INFO: Add of item with id Magento_Email::template was processed [] []
[2024-07-02T06:53:37.282546+00:00] main.INFO: Add of item with id Magento_EncryptionKey::system_crypt_key was processed [] []
[2024-07-02T06:53:37.282599+00:00] main.INFO: Add of item with id Magento_InventoryAdminUi::inventory was processed [] []
[2024-07-02T06:53:37.282676+00:00] main.INFO: Add of item with id Magento_InventoryAdminUi::source was processed [] []
[2024-07-02T06:53:37.282734+00:00] main.INFO: Add of item with id Magento_InventoryAdminUi::stock was processed [] []
[2024-07-02T06:53:37.282787+00:00] main.INFO: Add of item with id Magento_Reports::report was processed [] []
[2024-07-02T06:53:37.282839+00:00] main.INFO: Add of item with id Magento_Reports::report_marketing was processed [] []
[2024-07-02T06:53:37.282892+00:00] main.INFO: Add of item with id Magento_Reports::report_salesroot was processed [] []
[2024-07-02T06:53:37.282960+00:00] main.INFO: Add of item with id Magento_Reports::report_salesroot_sales was processed [] []
[2024-07-02T06:53:37.283017+00:00] main.INFO: Add of item with id Magento_Reports::report_salesroot_tax was processed [] []
[2024-07-02T06:53:37.283069+00:00] main.INFO: Add of item with id Magento_Reports::report_salesroot_invoiced was processed [] []
[2024-07-02T06:53:37.283122+00:00] main.INFO: Add of item with id Magento_Reports::report_salesroot_shipping was processed [] []
[2024-07-02T06:53:37.283174+00:00] main.INFO: Add of item with id Magento_Reports::report_salesroot_refunded was processed [] []
[2024-07-02T06:53:37.283225+00:00] main.INFO: Add of item with id Magento_Reports::report_salesroot_coupons was processed [] []
[2024-07-02T06:53:37.283301+00:00] main.INFO: Add of item with id Magento_Reports::report_shopcart_product was processed [] []
[2024-07-02T06:53:37.283358+00:00] main.INFO: Add of item with id Magento_Reports::report_shopcart_abandoned was processed [] []
[2024-07-02T06:53:37.283412+00:00] main.INFO: Add of item with id Magento_Reports::report_products was processed [] []
[2024-07-02T06:53:37.283464+00:00] main.INFO: Add of item with id Magento_Reports::report_products_bestsellers was processed [] []
[2024-07-02T06:53:37.283517+00:00] main.INFO: Add of item with id Magento_Reports::report_products_sold was processed [] []
[2024-07-02T06:53:37.283569+00:00] main.INFO: Add of item with id Magento_Reports::report_products_viewed was processed [] []
[2024-07-02T06:53:37.283621+00:00] main.INFO: Add of item with id Magento_Reports::report_products_lowstock was processed [] []
[2024-07-02T06:53:37.283685+00:00] main.INFO: Add of item with id Magento_Reports::report_customers was processed [] []
[2024-07-02T06:53:37.283780+00:00] main.INFO: Add of item with id Magento_Reports::report_customers_accounts was processed [] []
[2024-07-02T06:53:37.283855+00:00] main.INFO: Add of item with id Magento_Reports::report_customers_totals was processed [] []
[2024-07-02T06:53:37.283909+00:00] main.INFO: Add of item with id Magento_Reports::report_customers_orders was processed [] []
[2024-07-02T06:53:37.283964+00:00] main.INFO: Add of item with id Magento_Reports::report_statistics was processed [] []
[2024-07-02T06:53:37.284035+00:00] main.INFO: Add of item with id Magento_Reports::report_statistics_refresh was processed [] []
[2024-07-02T06:53:37.284092+00:00] main.INFO: Add of item with id Magento_Search::report_search_term was processed [] []
[2024-07-02T06:53:37.284145+00:00] main.INFO: Add of item with id Magento_LoginAsCustomerLog::login_log was processed [] []
[2024-07-02T06:53:37.284198+00:00] main.INFO: Add of item with id Magento_Marketplace::partners was processed [] []
[2024-07-02T06:53:37.284251+00:00] main.INFO: Add of item with id Magento_Newsletter::newsletter_template was processed [] []
[2024-07-02T06:53:37.284307+00:00] main.INFO: Add of item with id Magento_Newsletter::newsletter_queue was processed [] []
[2024-07-02T06:53:37.284364+00:00] main.INFO: Add of item with id Magento_Newsletter::newsletter_subscriber was processed [] []
[2024-07-02T06:53:37.284416+00:00] main.INFO: Add of item with id Magento_Newsletter::newsletter_problem was processed [] []
[2024-07-02T06:53:37.284469+00:00] main.INFO: Add of item with id Magento_SalesRule::promo_quote was processed [] []
[2024-07-02T06:53:37.284522+00:00] main.INFO: Add of item with id Magento_Sitemap::catalog_sitemap was processed [] []
[2024-07-02T06:53:37.284583+00:00] main.INFO: Add of item with id Magento_PageBuilder::templates was processed [] []
[2024-07-02T06:53:37.284636+00:00] main.INFO: Add of item with id Magento_Paypal::report_salesroot_paypal_settlement_reports was processed [] []
[2024-07-02T06:53:37.284689+00:00] main.INFO: Add of item with id Magento_Paypal::paypal_billing_agreement was processed [] []
[2024-07-02T06:53:37.284742+00:00] main.INFO: Add of item with id Magento_CheckoutAgreements::sales_checkoutagreement was processed [] []
[2024-07-02T06:53:37.284795+00:00] main.INFO: Add of item with id Magento_Review::catalog_reviews_ratings_ratings was processed [] []
[2024-07-02T06:53:37.284866+00:00] main.INFO: Add of item with id Magento_Review::catalog_reviews_ratings_pending was processed [] []
[2024-07-02T06:53:37.284950+00:00] main.INFO: Add of item with id Magento_Review::catalog_reviews_ratings_reviews_all was processed [] []
[2024-07-02T06:53:37.285015+00:00] main.INFO: Add of item with id Magento_Review::report_review was processed [] []
[2024-07-02T06:53:37.285092+00:00] main.INFO: Add of item with id Magento_Review::report_review_customer was processed [] []
[2024-07-02T06:53:37.285149+00:00] main.INFO: Add of item with id Magento_Review::report_review_product was processed [] []
[2024-07-02T06:53:37.285210+00:00] main.INFO: Add of item with id Magento_UrlRewrite::urlrewrite was processed [] []
[2024-07-02T06:53:37.285265+00:00] main.INFO: Add of item with id Magento_Tax::sales_tax was processed [] []
[2024-07-02T06:53:37.285335+00:00] main.INFO: Add of item with id Magento_Tax::sales_tax_rules was processed [] []
[2024-07-02T06:53:37.285393+00:00] main.INFO: Add of item with id Magento_Tax::sales_tax_rates was processed [] []
[2024-07-02T06:53:37.285445+00:00] main.INFO: Add of item with id Magento_TaxImportExport::system_convert_tax was processed [] []
[2024-07-02T06:53:37.285499+00:00] main.INFO: Add of item with id Magento_AsynchronousOperations::system_magento_logging was processed [] []
[2024-07-02T06:53:37.285569+00:00] main.INFO: Add of item with id Magento_AsynchronousOperations::system_magento_logging_bulk_operations was processed [] []
[2024-07-02T06:53:37.285626+00:00] main.INFO: Add of item with id Magento_CurrencySymbol::system_currency was processed [] []
[2024-07-02T06:53:37.285708+00:00] main.INFO: Add of item with id Magento_CurrencySymbol::system_currency_rates was processed [] []
[2024-07-02T06:53:37.285762+00:00] main.INFO: Add of item with id Magento_CurrencySymbol::system_currency_symbols was processed [] []
[2024-07-02T06:53:37.285814+00:00] main.INFO: Add of item with id PayPal_Braintree::settlement_report was processed [] []
[2024-07-02T06:53:37.285865+00:00] main.INFO: Add of item with id PayPal_Braintree::virtual_terminal was processed [] []
[2024-07-02T06:53:38.486450+00:00] main.INFO: Broken reference: the 'notification.messages' tries to reorder itself towards 'user', but their parents are different: 'header.inner.right' and 'header' respectively. [] []
